<?xml version="1.0" encoding="UTF-8"?>
<testsuite xmlns:xsi="http://www.w3.org/2001/XMLSchema-instance" xsi:noNamespaceSchemaLocation="https://maven.apache.org/surefire/maven-surefire-plugin/xsd/surefire-test-report-3.0.xsd" version="3.0" name="com.apica.UserMngService.UserMngServiceApplicationTests" time="2.066" tests="1" errors="0" skipped="0" failures="0">
  <properties>
    <property name="java.specification.version" value="17"/>
    <property name="sun.jnu.encoding" value="UTF-8"/>
    <property name="java.class.path" value="/home/prince03102020/projects/26042024/UserMngService/target/test-classes:/home/prince03102020/projects/26042024/UserMngService/target/classes:/home/prince03102020/.m2/repository/org/springframework/boot/spring-boot-starter-data-redis/3.2.5/spring-boot-starter-data-redis-3.2.5.jar:/home/prince03102020/.m2/repository/io/lettuce/lettuce-core/6.3.2.RELEASE/lettuce-core-6.3.2.RELEASE.jar:/home/prince03102020/.m2/repository/io/netty/netty-common/4.1.109.Final/netty-common-4.1.109.Final.jar:/home/prince03102020/.m2/repository/io/netty/netty-handler/4.1.109.Final/netty-handler-4.1.109.Final.jar:/home/prince03102020/.m2/repository/io/netty/netty-resolver/4.1.109.Final/netty-resolver-4.1.109.Final.jar:/home/prince03102020/.m2/repository/io/netty/netty-buffer/4.1.109.Final/netty-buffer-4.1.109.Final.jar:/home/prince03102020/.m2/repository/io/netty/netty-transport-native-unix-common/4.1.109.Final/netty-transport-native-unix-common-4.1.109.Final.jar:/home/prince03102020/.m2/repository/io/netty/netty-codec/4.1.109.Final/netty-codec-4.1.109.Final.jar:/home/prince03102020/.m2/repository/io/netty/netty-transport/4.1.109.Final/netty-transport-4.1.109.Final.jar:/home/prince03102020/.m2/repository/io/projectreactor/reactor-core/3.6.5/reactor-core-3.6.5.jar:/home/prince03102020/.m2/repository/org/reactivestreams/reactive-streams/1.0.4/reactive-streams-1.0.4.jar:/home/prince03102020/.m2/repository/org/springframework/data/spring-data-redis/3.2.5/spring-data-redis-3.2.5.jar:/home/prince03102020/.m2/repository/org/springframework/data/spring-data-keyvalue/3.2.5/spring-data-keyvalue-3.2.5.jar:/home/prince03102020/.m2/repository/org/springframework/data/spring-data-commons/3.2.5/spring-data-commons-3.2.5.jar:/home/prince03102020/.m2/repository/org/springframework/spring-oxm/6.1.6/spring-oxm-6.1.6.jar:/home/prince03102020/.m2/repository/org/springframework/spring-context-support/6.1.6/spring-context-support-6.1.6.jar:/home/prince03102020/.m2/repository/org/springframework/kafka/spring-kafka/3.1.4/spring-kafka-3.1.4.jar:/home/prince03102020/.m2/repository/org/springframework/spring-context/6.1.6/spring-context-6.1.6.jar:/home/prince03102020/.m2/repository/org/springframework/spring-beans/6.1.6/spring-beans-6.1.6.jar:/home/prince03102020/.m2/repository/org/springframework/spring-expression/6.1.6/spring-expression-6.1.6.jar:/home/prince03102020/.m2/repository/org/springframework/spring-messaging/6.1.6/spring-messaging-6.1.6.jar:/home/prince03102020/.m2/repository/org/springframework/spring-tx/6.1.6/spring-tx-6.1.6.jar:/home/prince03102020/.m2/repository/org/springframework/retry/spring-retry/2.0.5/spring-retry-2.0.5.jar:/home/prince03102020/.m2/repository/org/apache/kafka/kafka-clients/3.6.2/kafka-clients-3.6.2.jar:/home/prince03102020/.m2/repository/com/github/luben/zstd-jni/1.5.5-1/zstd-jni-1.5.5-1.jar:/home/prince03102020/.m2/repository/org/lz4/lz4-java/1.8.0/lz4-java-1.8.0.jar:/home/prince03102020/.m2/repository/org/xerial/snappy/snappy-java/1.1.10.5/snappy-java-1.1.10.5.jar:/home/prince03102020/.m2/repository/io/micrometer/micrometer-observation/1.12.5/micrometer-observation-1.12.5.jar:/home/prince03102020/.m2/repository/io/micrometer/micrometer-commons/1.12.5/micrometer-commons-1.12.5.jar:/home/prince03102020/.m2/repository/com/google/code/findbugs/jsr305/3.0.2/jsr305-3.0.2.jar:/home/prince03102020/.m2/repository/org/springframework/boot/spring-boot-starter-test/3.2.5/spring-boot-starter-test-3.2.5.jar:/home/prince03102020/.m2/repository/org/springframework/boot/spring-boot-test/3.2.5/spring-boot-test-3.2.5.jar:/home/prince03102020/.m2/repository/org/springframework/boot/spring-boot-test-autoconfigure/3.2.5/spring-boot-test-autoconfigure-3.2.5.jar:/home/prince03102020/.m2/repository/com/jayway/jsonpath/json-path/2.9.0/json-path-2.9.0.jar:/home/prince03102020/.m2/repository/jakarta/xml/bind/jakarta.xml.bind-api/4.0.2/jakarta.xml.bind-api-4.0.2.jar:/home/prince03102020/.m2/repository/jakarta/activation/jakarta.activation-api/2.1.3/jakarta.activation-api-2.1.3.jar:/home/prince03102020/.m2/repository/net/minidev/json-smart/2.5.1/json-smart-2.5.1.jar:/home/prince03102020/.m2/repository/net/minidev/accessors-smart/2.5.1/accessors-smart-2.5.1.jar:/home/prince03102020/.m2/repository/org/ow2/asm/asm/9.6/asm-9.6.jar:/home/prince03102020/.m2/repository/org/assertj/assertj-core/3.24.2/assertj-core-3.24.2.jar:/home/prince03102020/.m2/repository/net/bytebuddy/byte-buddy/1.14.13/byte-buddy-1.14.13.jar:/home/prince03102020/.m2/repository/org/awaitility/awaitility/4.2.1/awaitility-4.2.1.jar:/home/prince03102020/.m2/repository/org/hamcrest/hamcrest/2.2/hamcrest-2.2.jar:/home/prince03102020/.m2/repository/org/junit/jupiter/junit-jupiter/5.10.2/junit-jupiter-5.10.2.jar:/home/prince03102020/.m2/repository/org/junit/jupiter/junit-jupiter-params/5.10.2/junit-jupiter-params-5.10.2.jar:/home/prince03102020/.m2/repository/org/junit/jupiter/junit-jupiter-engine/5.10.2/junit-jupiter-engine-5.10.2.jar:/home/prince03102020/.m2/repository/org/mockito/mockito-core/5.7.0/mockito-core-5.7.0.jar:/home/prince03102020/.m2/repository/net/bytebuddy/byte-buddy-agent/1.14.13/byte-buddy-agent-1.14.13.jar:/home/prince03102020/.m2/repository/org/objenesis/objenesis/3.3/objenesis-3.3.jar:/home/prince03102020/.m2/repository/org/mockito/mockito-junit-jupiter/5.7.0/mockito-junit-jupiter-5.7.0.jar:/home/prince03102020/.m2/repository/org/skyscreamer/jsonassert/1.5.1/jsonassert-1.5.1.jar:/home/prince03102020/.m2/repository/com/vaadin/external/google/android-json/0.0.20131108.vaadin1/android-json-0.0.20131108.vaadin1.jar:/home/prince03102020/.m2/repository/org/springframework/spring-core/6.1.6/spring-core-6.1.6.jar:/home/prince03102020/.m2/repository/org/springframework/spring-jcl/6.1.6/spring-jcl-6.1.6.jar:/home/prince03102020/.m2/repository/org/springframework/spring-test/6.1.6/spring-test-6.1.6.jar:/home/prince03102020/.m2/repository/org/xmlunit/xmlunit-core/2.9.1/xmlunit-core-2.9.1.jar:/home/prince03102020/.m2/repository/org/springframework/kafka/spring-kafka-test/3.1.4/spring-kafka-test-3.1.4.jar:/home/prince03102020/.m2/repository/org/apache/zookeeper/zookeeper/3.8.4/zookeeper-3.8.4.jar:/home/prince03102020/.m2/repository/org/apache/zookeeper/zookeeper-jute/3.8.4/zookeeper-jute-3.8.4.jar:/home/prince03102020/.m2/repository/org/apache/yetus/audience-annotations/0.12.0/audience-annotations-0.12.0.jar:/home/prince03102020/.m2/repository/io/netty/netty-transport-native-epoll/4.1.109.Final/netty-transport-native-epoll-4.1.109.Final.jar:/home/prince03102020/.m2/repository/io/netty/netty-transport-classes-epoll/4.1.109.Final/netty-transport-classes-epoll-4.1.109.Final.jar:/home/prince03102020/.m2/repository/ch/qos/logback/logback-core/1.4.14/logback-core-1.4.14.jar:/home/prince03102020/.m2/repository/ch/qos/logback/logback-classic/1.4.14/logback-classic-1.4.14.jar:/home/prince03102020/.m2/repository/commons-io/commons-io/2.11.0/commons-io-2.11.0.jar:/home/prince03102020/.m2/repository/org/apache/kafka/kafka-clients/3.6.2/kafka-clients-3.6.2-test.jar:/home/prince03102020/.m2/repository/org/apache/kafka/kafka-metadata/3.6.2/kafka-metadata-3.6.2.jar:/home/prince03102020/.m2/repository/org/apache/kafka/kafka-raft/3.6.2/kafka-raft-3.6.2.jar:/home/prince03102020/.m2/repository/com/fasterxml/jackson/datatype/jackson-datatype-jdk8/2.15.4/jackson-datatype-jdk8-2.15.4.jar:/home/prince03102020/.m2/repository/com/yammer/metrics/metrics-core/2.2.0/metrics-core-2.2.0.jar:/home/prince03102020/.m2/repository/org/apache/kafka/kafka-server-common/3.6.2/kafka-server-common-3.6.2.jar:/home/prince03102020/.m2/repository/net/sf/jopt-simple/jopt-simple/5.0.4/jopt-simple-5.0.4.jar:/home/prince03102020/.m2/repository/org/pcollections/pcollections/4.0.1/pcollections-4.0.1.jar:/home/prince03102020/.m2/repository/org/apache/kafka/kafka-server-common/3.6.2/kafka-server-common-3.6.2-test.jar:/home/prince03102020/.m2/repository/org/apache/kafka/kafka-streams-test-utils/3.6.2/kafka-streams-test-utils-3.6.2.jar:/home/prince03102020/.m2/repository/org/apache/kafka/kafka-streams/3.6.2/kafka-streams-3.6.2.jar:/home/prince03102020/.m2/repository/org/rocksdb/rocksdbjni/7.9.2/rocksdbjni-7.9.2.jar:/home/prince03102020/.m2/repository/org/apache/kafka/kafka_2.13/3.6.2/kafka_2.13-3.6.2.jar:/home/prince03102020/.m2/repository/org/scala-lang/scala-library/2.13.11/scala-library-2.13.11.jar:/home/prince03102020/.m2/repository/org/apache/kafka/kafka-group-coordinator/3.6.2/kafka-group-coordinator-3.6.2.jar:/home/prince03102020/.m2/repository/org/apache/kafka/kafka-storage-api/3.6.2/kafka-storage-api-3.6.2.jar:/home/prince03102020/.m2/repository/org/apache/kafka/kafka-tools-api/3.6.2/kafka-tools-api-3.6.2.jar:/home/prince03102020/.m2/repository/org/apache/kafka/kafka-storage/3.6.2/kafka-storage-3.6.2.jar:/home/prince03102020/.m2/repository/com/github/ben-manes/caffeine/caffeine/3.1.8/caffeine-3.1.8.jar:/home/prince03102020/.m2/repository/org/checkerframework/checker-qual/3.37.0/checker-qual-3.37.0.jar:/home/prince03102020/.m2/repository/com/google/errorprone/error_prone_annotations/2.21.1/error_prone_annotations-2.21.1.jar:/home/prince03102020/.m2/repository/net/sourceforge/argparse4j/argparse4j/0.7.0/argparse4j-0.7.0.jar:/home/prince03102020/.m2/repository/commons-validator/commons-validator/1.7/commons-validator-1.7.jar:/home/prince03102020/.m2/repository/commons-beanutils/commons-beanutils/1.9.4/commons-beanutils-1.9.4.jar:/home/prince03102020/.m2/repository/commons-digester/commons-digester/2.1/commons-digester-2.1.jar:/home/prince03102020/.m2/repository/commons-collections/commons-collections/3.2.2/commons-collections-3.2.2.jar:/home/prince03102020/.m2/repository/com/fasterxml/jackson/module/jackson-module-scala_2.13/2.15.4/jackson-module-scala_2.13-2.15.4.jar:/home/prince03102020/.m2/repository/com/thoughtworks/paranamer/paranamer/2.8/paranamer-2.8.jar:/home/prince03102020/.m2/repository/com/fasterxml/jackson/dataformat/jackson-dataformat-csv/2.15.4/jackson-dataformat-csv-2.15.4.jar:/home/prince03102020/.m2/repository/org/bitbucket/b_c/jose4j/0.9.4/jose4j-0.9.4.jar:/home/prince03102020/.m2/repository/org/scala-lang/modules/scala-collection-compat_2.13/2.10.0/scala-collection-compat_2.13-2.10.0.jar:/home/prince03102020/.m2/repository/org/scala-lang/modules/scala-java8-compat_2.13/1.0.2/scala-java8-compat_2.13-1.0.2.jar:/home/prince03102020/.m2/repository/org/scala-lang/scala-reflect/2.13.11/scala-reflect-2.13.11.jar:/home/prince03102020/.m2/repository/com/typesafe/scala-logging/scala-logging_2.13/3.9.4/scala-logging_2.13-3.9.4.jar:/home/prince03102020/.m2/repository/io/dropwizard/metrics/metrics-core/4.2.25/metrics-core-4.2.25.jar:/home/prince03102020/.m2/repository/commons-cli/commons-cli/1.4/commons-cli-1.4.jar:/home/prince03102020/.m2/repository/org/apache/kafka/kafka_2.13/3.6.2/kafka_2.13-3.6.2-test.jar:/home/prince03102020/.m2/repository/org/junit/jupiter/junit-jupiter-api/5.10.2/junit-jupiter-api-5.10.2.jar:/home/prince03102020/.m2/repository/org/opentest4j/opentest4j/1.3.0/opentest4j-1.3.0.jar:/home/prince03102020/.m2/repository/org/junit/platform/junit-platform-commons/1.10.2/junit-platform-commons-1.10.2.jar:/home/prince03102020/.m2/repository/org/apiguardian/apiguardian-api/1.1.2/apiguardian-api-1.1.2.jar:/home/prince03102020/.m2/repository/org/junit/platform/junit-platform-launcher/1.10.2/junit-platform-launcher-1.10.2.jar:/home/prince03102020/.m2/repository/org/junit/platform/junit-platform-engine/1.10.2/junit-platform-engine-1.10.2.jar:/home/prince03102020/.m2/repository/org/springframework/boot/spring-boot-starter-web/3.2.5/spring-boot-starter-web-3.2.5.jar:/home/prince03102020/.m2/repository/org/springframework/boot/spring-boot-starter-json/3.2.5/spring-boot-starter-json-3.2.5.jar:/home/prince03102020/.m2/repository/com/fasterxml/jackson/datatype/jackson-datatype-jsr310/2.15.4/jackson-datatype-jsr310-2.15.4.jar:/home/prince03102020/.m2/repository/com/fasterxml/jackson/module/jackson-module-parameter-names/2.15.4/jackson-module-parameter-names-2.15.4.jar:/home/prince03102020/.m2/repository/org/springframework/boot/spring-boot-starter-tomcat/3.2.5/spring-boot-starter-tomcat-3.2.5.jar:/home/prince03102020/.m2/repository/org/apache/tomcat/embed/tomcat-embed-core/10.1.20/tomcat-embed-core-10.1.20.jar:/home/prince03102020/.m2/repository/org/apache/tomcat/embed/tomcat-embed-el/10.1.20/tomcat-embed-el-10.1.20.jar:/home/prince03102020/.m2/repository/org/apache/tomcat/embed/tomcat-embed-websocket/10.1.20/tomcat-embed-websocket-10.1.20.jar:/home/prince03102020/.m2/repository/org/springframework/spring-web/6.1.6/spring-web-6.1.6.jar:/home/prince03102020/.m2/repository/org/springframework/spring-webmvc/6.1.6/spring-webmvc-6.1.6.jar:/home/prince03102020/.m2/repository/org/springframework/boot/spring-boot-starter/3.2.5/spring-boot-starter-3.2.5.jar:/home/prince03102020/.m2/repository/org/springframework/boot/spring-boot/3.2.5/spring-boot-3.2.5.jar:/home/prince03102020/.m2/repository/org/springframework/boot/spring-boot-autoconfigure/3.2.5/spring-boot-autoconfigure-3.2.5.jar:/home/prince03102020/.m2/repository/jakarta/annotation/jakarta.annotation-api/2.1.1/jakarta.annotation-api-2.1.1.jar:/home/prince03102020/.m2/repository/org/yaml/snakeyaml/2.2/snakeyaml-2.2.jar:/home/prince03102020/.m2/repository/org/springframework/boot/spring-boot-starter-log4j2/3.2.5/spring-boot-starter-log4j2-3.2.5.jar:/home/prince03102020/.m2/repository/org/apache/logging/log4j/log4j-slf4j2-impl/2.21.1/log4j-slf4j2-impl-2.21.1.jar:/home/prince03102020/.m2/repository/org/apache/logging/log4j/log4j-api/2.21.1/log4j-api-2.21.1.jar:/home/prince03102020/.m2/repository/org/apache/logging/log4j/log4j-core/2.21.1/log4j-core-2.21.1.jar:/home/prince03102020/.m2/repository/org/apache/logging/log4j/log4j-jul/2.21.1/log4j-jul-2.21.1.jar:/home/prince03102020/.m2/repository/org/projectlombok/lombok/1.18.22/lombok-1.18.22.jar:/home/prince03102020/.m2/repository/jakarta/persistence/jakarta.persistence-api/3.2.0-M2/jakarta.persistence-api-3.2.0-M2.jar:/home/prince03102020/.m2/repository/org/springdoc/springdoc-openapi-starter-webmvc-ui/2.3.0/springdoc-openapi-starter-webmvc-ui-2.3.0.jar:/home/prince03102020/.m2/repository/org/springdoc/springdoc-openapi-starter-webmvc-api/2.3.0/springdoc-openapi-starter-webmvc-api-2.3.0.jar:/home/prince03102020/.m2/repository/org/springdoc/springdoc-openapi-starter-common/2.3.0/springdoc-openapi-starter-common-2.3.0.jar:/home/prince03102020/.m2/repository/io/swagger/core/v3/swagger-core-jakarta/2.2.19/swagger-core-jakarta-2.2.19.jar:/home/prince03102020/.m2/repository/org/apache/commons/commons-lang3/3.13.0/commons-lang3-3.13.0.jar:/home/prince03102020/.m2/repository/io/swagger/core/v3/swagger-annotations-jakarta/2.2.19/swagger-annotations-jakarta-2.2.19.jar:/home/prince03102020/.m2/repository/io/swagger/core/v3/swagger-models-jakarta/2.2.19/swagger-models-jakarta-2.2.19.jar:/home/prince03102020/.m2/repository/jakarta/validation/jakarta.validation-api/3.0.2/jakarta.validation-api-3.0.2.jar:/home/prince03102020/.m2/repository/com/fasterxml/jackson/dataformat/jackson-dataformat-yaml/2.15.4/jackson-dataformat-yaml-2.15.4.jar:/home/prince03102020/.m2/repository/org/webjars/swagger-ui/5.10.3/swagger-ui-5.10.3.jar:/home/prince03102020/.m2/repository/javax/servlet/javax.servlet-api/4.0.1/javax.servlet-api-4.0.1.jar:/home/prince03102020/.m2/repository/org/springframework/boot/spring-boot-starter-security/3.2.5/spring-boot-starter-security-3.2.5.jar:/home/prince03102020/.m2/repository/org/springframework/spring-aop/6.1.6/spring-aop-6.1.6.jar:/home/prince03102020/.m2/repository/org/springframework/security/spring-security-config/6.2.4/spring-security-config-6.2.4.jar:/home/prince03102020/.m2/repository/org/springframework/security/spring-security-core/6.2.4/spring-security-core-6.2.4.jar:/home/prince03102020/.m2/repository/org/springframework/security/spring-security-crypto/6.2.4/spring-security-crypto-6.2.4.jar:/home/prince03102020/.m2/repository/org/springframework/security/spring-security-web/6.2.4/spring-security-web-6.2.4.jar:/home/prince03102020/.m2/repository/redis/clients/jedis/5.1.2/jedis-5.1.2.jar:/home/prince03102020/.m2/repository/org/slf4j/slf4j-api/2.0.13/slf4j-api-2.0.13.jar:/home/prince03102020/.m2/repository/org/apache/commons/commons-pool2/2.12.0/commons-pool2-2.12.0.jar:/home/prince03102020/.m2/repository/org/json/json/20231013/json-20231013.jar:/home/prince03102020/.m2/repository/com/google/code/gson/gson/2.10.1/gson-2.10.1.jar:/home/prince03102020/.m2/repository/io/jsonwebtoken/jjwt-api/0.11.5/jjwt-api-0.11.5.jar:/home/prince03102020/.m2/repository/io/jsonwebtoken/jjwt-impl/0.11.5/jjwt-impl-0.11.5.jar:/home/prince03102020/.m2/repository/io/jsonwebtoken/jjwt-jackson/0.11.5/jjwt-jackson-0.11.5.jar:/home/prince03102020/.m2/repository/com/fasterxml/jackson/core/jackson-databind/2.15.4/jackson-databind-2.15.4.jar:/home/prince03102020/.m2/repository/com/fasterxml/jackson/core/jackson-annotations/2.15.4/jackson-annotations-2.15.4.jar:/home/prince03102020/.m2/repository/com/fasterxml/jackson/core/jackson-core/2.15.4/jackson-core-2.15.4.jar:"/>
    <property name="java.vm.vendor" value="Debian"/>
    <property name="sun.arch.data.model" value="64"/>
    <property name="java.vendor.url" value="https://tracker.debian.org/openjdk-17"/>
    <property name="user.timezone" value="Asia/Calcutta"/>
    <property name="os.name" value="Linux"/>
    <property name="java.vm.specification.version" value="17"/>
    <property name="sun.java.launcher" value="SUN_STANDARD"/>
    <property name="user.country" value="US"/>
    <property name="sun.boot.library.path" value="/usr/lib/jvm/java-17-openjdk-amd64/lib"/>
    <property name="sun.java.command" value="/home/prince03102020/projects/26042024/UserMngService/target/surefire/surefirebooter-20240428131039485_3.jar /home/prince03102020/projects/26042024/UserMngService/target/surefire 2024-04-28T13-10-39_383-jvmRun1 surefire-20240428131039485_1tmp surefire_0-20240428131039485_2tmp"/>
    <property name="jdk.debug" value="release"/>
    <property name="surefire.test.class.path" value="/home/prince03102020/projects/26042024/UserMngService/target/test-classes:/home/prince03102020/projects/26042024/UserMngService/target/classes:/home/prince03102020/.m2/repository/org/springframework/boot/spring-boot-starter-data-redis/3.2.5/spring-boot-starter-data-redis-3.2.5.jar:/home/prince03102020/.m2/repository/io/lettuce/lettuce-core/6.3.2.RELEASE/lettuce-core-6.3.2.RELEASE.jar:/home/prince03102020/.m2/repository/io/netty/netty-common/4.1.109.Final/netty-common-4.1.109.Final.jar:/home/prince03102020/.m2/repository/io/netty/netty-handler/4.1.109.Final/netty-handler-4.1.109.Final.jar:/home/prince03102020/.m2/repository/io/netty/netty-resolver/4.1.109.Final/netty-resolver-4.1.109.Final.jar:/home/prince03102020/.m2/repository/io/netty/netty-buffer/4.1.109.Final/netty-buffer-4.1.109.Final.jar:/home/prince03102020/.m2/repository/io/netty/netty-transport-native-unix-common/4.1.109.Final/netty-transport-native-unix-common-4.1.109.Final.jar:/home/prince03102020/.m2/repository/io/netty/netty-codec/4.1.109.Final/netty-codec-4.1.109.Final.jar:/home/prince03102020/.m2/repository/io/netty/netty-transport/4.1.109.Final/netty-transport-4.1.109.Final.jar:/home/prince03102020/.m2/repository/io/projectreactor/reactor-core/3.6.5/reactor-core-3.6.5.jar:/home/prince03102020/.m2/repository/org/reactivestreams/reactive-streams/1.0.4/reactive-streams-1.0.4.jar:/home/prince03102020/.m2/repository/org/springframework/data/spring-data-redis/3.2.5/spring-data-redis-3.2.5.jar:/home/prince03102020/.m2/repository/org/springframework/data/spring-data-keyvalue/3.2.5/spring-data-keyvalue-3.2.5.jar:/home/prince03102020/.m2/repository/org/springframework/data/spring-data-commons/3.2.5/spring-data-commons-3.2.5.jar:/home/prince03102020/.m2/repository/org/springframework/spring-oxm/6.1.6/spring-oxm-6.1.6.jar:/home/prince03102020/.m2/repository/org/springframework/spring-context-support/6.1.6/spring-context-support-6.1.6.jar:/home/prince03102020/.m2/repository/org/springframework/kafka/spring-kafka/3.1.4/spring-kafka-3.1.4.jar:/home/prince03102020/.m2/repository/org/springframework/spring-context/6.1.6/spring-context-6.1.6.jar:/home/prince03102020/.m2/repository/org/springframework/spring-beans/6.1.6/spring-beans-6.1.6.jar:/home/prince03102020/.m2/repository/org/springframework/spring-expression/6.1.6/spring-expression-6.1.6.jar:/home/prince03102020/.m2/repository/org/springframework/spring-messaging/6.1.6/spring-messaging-6.1.6.jar:/home/prince03102020/.m2/repository/org/springframework/spring-tx/6.1.6/spring-tx-6.1.6.jar:/home/prince03102020/.m2/repository/org/springframework/retry/spring-retry/2.0.5/spring-retry-2.0.5.jar:/home/prince03102020/.m2/repository/org/apache/kafka/kafka-clients/3.6.2/kafka-clients-3.6.2.jar:/home/prince03102020/.m2/repository/com/github/luben/zstd-jni/1.5.5-1/zstd-jni-1.5.5-1.jar:/home/prince03102020/.m2/repository/org/lz4/lz4-java/1.8.0/lz4-java-1.8.0.jar:/home/prince03102020/.m2/repository/org/xerial/snappy/snappy-java/1.1.10.5/snappy-java-1.1.10.5.jar:/home/prince03102020/.m2/repository/io/micrometer/micrometer-observation/1.12.5/micrometer-observation-1.12.5.jar:/home/prince03102020/.m2/repository/io/micrometer/micrometer-commons/1.12.5/micrometer-commons-1.12.5.jar:/home/prince03102020/.m2/repository/com/google/code/findbugs/jsr305/3.0.2/jsr305-3.0.2.jar:/home/prince03102020/.m2/repository/org/springframework/boot/spring-boot-starter-test/3.2.5/spring-boot-starter-test-3.2.5.jar:/home/prince03102020/.m2/repository/org/springframework/boot/spring-boot-test/3.2.5/spring-boot-test-3.2.5.jar:/home/prince03102020/.m2/repository/org/springframework/boot/spring-boot-test-autoconfigure/3.2.5/spring-boot-test-autoconfigure-3.2.5.jar:/home/prince03102020/.m2/repository/com/jayway/jsonpath/json-path/2.9.0/json-path-2.9.0.jar:/home/prince03102020/.m2/repository/jakarta/xml/bind/jakarta.xml.bind-api/4.0.2/jakarta.xml.bind-api-4.0.2.jar:/home/prince03102020/.m2/repository/jakarta/activation/jakarta.activation-api/2.1.3/jakarta.activation-api-2.1.3.jar:/home/prince03102020/.m2/repository/net/minidev/json-smart/2.5.1/json-smart-2.5.1.jar:/home/prince03102020/.m2/repository/net/minidev/accessors-smart/2.5.1/accessors-smart-2.5.1.jar:/home/prince03102020/.m2/repository/org/ow2/asm/asm/9.6/asm-9.6.jar:/home/prince03102020/.m2/repository/org/assertj/assertj-core/3.24.2/assertj-core-3.24.2.jar:/home/prince03102020/.m2/repository/net/bytebuddy/byte-buddy/1.14.13/byte-buddy-1.14.13.jar:/home/prince03102020/.m2/repository/org/awaitility/awaitility/4.2.1/awaitility-4.2.1.jar:/home/prince03102020/.m2/repository/org/hamcrest/hamcrest/2.2/hamcrest-2.2.jar:/home/prince03102020/.m2/repository/org/junit/jupiter/junit-jupiter/5.10.2/junit-jupiter-5.10.2.jar:/home/prince03102020/.m2/repository/org/junit/jupiter/junit-jupiter-params/5.10.2/junit-jupiter-params-5.10.2.jar:/home/prince03102020/.m2/repository/org/junit/jupiter/junit-jupiter-engine/5.10.2/junit-jupiter-engine-5.10.2.jar:/home/prince03102020/.m2/repository/org/mockito/mockito-core/5.7.0/mockito-core-5.7.0.jar:/home/prince03102020/.m2/repository/net/bytebuddy/byte-buddy-agent/1.14.13/byte-buddy-agent-1.14.13.jar:/home/prince03102020/.m2/repository/org/objenesis/objenesis/3.3/objenesis-3.3.jar:/home/prince03102020/.m2/repository/org/mockito/mockito-junit-jupiter/5.7.0/mockito-junit-jupiter-5.7.0.jar:/home/prince03102020/.m2/repository/org/skyscreamer/jsonassert/1.5.1/jsonassert-1.5.1.jar:/home/prince03102020/.m2/repository/com/vaadin/external/google/android-json/0.0.20131108.vaadin1/android-json-0.0.20131108.vaadin1.jar:/home/prince03102020/.m2/repository/org/springframework/spring-core/6.1.6/spring-core-6.1.6.jar:/home/prince03102020/.m2/repository/org/springframework/spring-jcl/6.1.6/spring-jcl-6.1.6.jar:/home/prince03102020/.m2/repository/org/springframework/spring-test/6.1.6/spring-test-6.1.6.jar:/home/prince03102020/.m2/repository/org/xmlunit/xmlunit-core/2.9.1/xmlunit-core-2.9.1.jar:/home/prince03102020/.m2/repository/org/springframework/kafka/spring-kafka-test/3.1.4/spring-kafka-test-3.1.4.jar:/home/prince03102020/.m2/repository/org/apache/zookeeper/zookeeper/3.8.4/zookeeper-3.8.4.jar:/home/prince03102020/.m2/repository/org/apache/zookeeper/zookeeper-jute/3.8.4/zookeeper-jute-3.8.4.jar:/home/prince03102020/.m2/repository/org/apache/yetus/audience-annotations/0.12.0/audience-annotations-0.12.0.jar:/home/prince03102020/.m2/repository/io/netty/netty-transport-native-epoll/4.1.109.Final/netty-transport-native-epoll-4.1.109.Final.jar:/home/prince03102020/.m2/repository/io/netty/netty-transport-classes-epoll/4.1.109.Final/netty-transport-classes-epoll-4.1.109.Final.jar:/home/prince03102020/.m2/repository/ch/qos/logback/logback-core/1.4.14/logback-core-1.4.14.jar:/home/prince03102020/.m2/repository/ch/qos/logback/logback-classic/1.4.14/logback-classic-1.4.14.jar:/home/prince03102020/.m2/repository/commons-io/commons-io/2.11.0/commons-io-2.11.0.jar:/home/prince03102020/.m2/repository/org/apache/kafka/kafka-clients/3.6.2/kafka-clients-3.6.2-test.jar:/home/prince03102020/.m2/repository/org/apache/kafka/kafka-metadata/3.6.2/kafka-metadata-3.6.2.jar:/home/prince03102020/.m2/repository/org/apache/kafka/kafka-raft/3.6.2/kafka-raft-3.6.2.jar:/home/prince03102020/.m2/repository/com/fasterxml/jackson/datatype/jackson-datatype-jdk8/2.15.4/jackson-datatype-jdk8-2.15.4.jar:/home/prince03102020/.m2/repository/com/yammer/metrics/metrics-core/2.2.0/metrics-core-2.2.0.jar:/home/prince03102020/.m2/repository/org/apache/kafka/kafka-server-common/3.6.2/kafka-server-common-3.6.2.jar:/home/prince03102020/.m2/repository/net/sf/jopt-simple/jopt-simple/5.0.4/jopt-simple-5.0.4.jar:/home/prince03102020/.m2/repository/org/pcollections/pcollections/4.0.1/pcollections-4.0.1.jar:/home/prince03102020/.m2/repository/org/apache/kafka/kafka-server-common/3.6.2/kafka-server-common-3.6.2-test.jar:/home/prince03102020/.m2/repository/org/apache/kafka/kafka-streams-test-utils/3.6.2/kafka-streams-test-utils-3.6.2.jar:/home/prince03102020/.m2/repository/org/apache/kafka/kafka-streams/3.6.2/kafka-streams-3.6.2.jar:/home/prince03102020/.m2/repository/org/rocksdb/rocksdbjni/7.9.2/rocksdbjni-7.9.2.jar:/home/prince03102020/.m2/repository/org/apache/kafka/kafka_2.13/3.6.2/kafka_2.13-3.6.2.jar:/home/prince03102020/.m2/repository/org/scala-lang/scala-library/2.13.11/scala-library-2.13.11.jar:/home/prince03102020/.m2/repository/org/apache/kafka/kafka-group-coordinator/3.6.2/kafka-group-coordinator-3.6.2.jar:/home/prince03102020/.m2/repository/org/apache/kafka/kafka-storage-api/3.6.2/kafka-storage-api-3.6.2.jar:/home/prince03102020/.m2/repository/org/apache/kafka/kafka-tools-api/3.6.2/kafka-tools-api-3.6.2.jar:/home/prince03102020/.m2/repository/org/apache/kafka/kafka-storage/3.6.2/kafka-storage-3.6.2.jar:/home/prince03102020/.m2/repository/com/github/ben-manes/caffeine/caffeine/3.1.8/caffeine-3.1.8.jar:/home/prince03102020/.m2/repository/org/checkerframework/checker-qual/3.37.0/checker-qual-3.37.0.jar:/home/prince03102020/.m2/repository/com/google/errorprone/error_prone_annotations/2.21.1/error_prone_annotations-2.21.1.jar:/home/prince03102020/.m2/repository/net/sourceforge/argparse4j/argparse4j/0.7.0/argparse4j-0.7.0.jar:/home/prince03102020/.m2/repository/commons-validator/commons-validator/1.7/commons-validator-1.7.jar:/home/prince03102020/.m2/repository/commons-beanutils/commons-beanutils/1.9.4/commons-beanutils-1.9.4.jar:/home/prince03102020/.m2/repository/commons-digester/commons-digester/2.1/commons-digester-2.1.jar:/home/prince03102020/.m2/repository/commons-collections/commons-collections/3.2.2/commons-collections-3.2.2.jar:/home/prince03102020/.m2/repository/com/fasterxml/jackson/module/jackson-module-scala_2.13/2.15.4/jackson-module-scala_2.13-2.15.4.jar:/home/prince03102020/.m2/repository/com/thoughtworks/paranamer/paranamer/2.8/paranamer-2.8.jar:/home/prince03102020/.m2/repository/com/fasterxml/jackson/dataformat/jackson-dataformat-csv/2.15.4/jackson-dataformat-csv-2.15.4.jar:/home/prince03102020/.m2/repository/org/bitbucket/b_c/jose4j/0.9.4/jose4j-0.9.4.jar:/home/prince03102020/.m2/repository/org/scala-lang/modules/scala-collection-compat_2.13/2.10.0/scala-collection-compat_2.13-2.10.0.jar:/home/prince03102020/.m2/repository/org/scala-lang/modules/scala-java8-compat_2.13/1.0.2/scala-java8-compat_2.13-1.0.2.jar:/home/prince03102020/.m2/repository/org/scala-lang/scala-reflect/2.13.11/scala-reflect-2.13.11.jar:/home/prince03102020/.m2/repository/com/typesafe/scala-logging/scala-logging_2.13/3.9.4/scala-logging_2.13-3.9.4.jar:/home/prince03102020/.m2/repository/io/dropwizard/metrics/metrics-core/4.2.25/metrics-core-4.2.25.jar:/home/prince03102020/.m2/repository/commons-cli/commons-cli/1.4/commons-cli-1.4.jar:/home/prince03102020/.m2/repository/org/apache/kafka/kafka_2.13/3.6.2/kafka_2.13-3.6.2-test.jar:/home/prince03102020/.m2/repository/org/junit/jupiter/junit-jupiter-api/5.10.2/junit-jupiter-api-5.10.2.jar:/home/prince03102020/.m2/repository/org/opentest4j/opentest4j/1.3.0/opentest4j-1.3.0.jar:/home/prince03102020/.m2/repository/org/junit/platform/junit-platform-commons/1.10.2/junit-platform-commons-1.10.2.jar:/home/prince03102020/.m2/repository/org/apiguardian/apiguardian-api/1.1.2/apiguardian-api-1.1.2.jar:/home/prince03102020/.m2/repository/org/junit/platform/junit-platform-launcher/1.10.2/junit-platform-launcher-1.10.2.jar:/home/prince03102020/.m2/repository/org/junit/platform/junit-platform-engine/1.10.2/junit-platform-engine-1.10.2.jar:/home/prince03102020/.m2/repository/org/springframework/boot/spring-boot-starter-web/3.2.5/spring-boot-starter-web-3.2.5.jar:/home/prince03102020/.m2/repository/org/springframework/boot/spring-boot-starter-json/3.2.5/spring-boot-starter-json-3.2.5.jar:/home/prince03102020/.m2/repository/com/fasterxml/jackson/datatype/jackson-datatype-jsr310/2.15.4/jackson-datatype-jsr310-2.15.4.jar:/home/prince03102020/.m2/repository/com/fasterxml/jackson/module/jackson-module-parameter-names/2.15.4/jackson-module-parameter-names-2.15.4.jar:/home/prince03102020/.m2/repository/org/springframework/boot/spring-boot-starter-tomcat/3.2.5/spring-boot-starter-tomcat-3.2.5.jar:/home/prince03102020/.m2/repository/org/apache/tomcat/embed/tomcat-embed-core/10.1.20/tomcat-embed-core-10.1.20.jar:/home/prince03102020/.m2/repository/org/apache/tomcat/embed/tomcat-embed-el/10.1.20/tomcat-embed-el-10.1.20.jar:/home/prince03102020/.m2/repository/org/apache/tomcat/embed/tomcat-embed-websocket/10.1.20/tomcat-embed-websocket-10.1.20.jar:/home/prince03102020/.m2/repository/org/springframework/spring-web/6.1.6/spring-web-6.1.6.jar:/home/prince03102020/.m2/repository/org/springframework/spring-webmvc/6.1.6/spring-webmvc-6.1.6.jar:/home/prince03102020/.m2/repository/org/springframework/boot/spring-boot-starter/3.2.5/spring-boot-starter-3.2.5.jar:/home/prince03102020/.m2/repository/org/springframework/boot/spring-boot/3.2.5/spring-boot-3.2.5.jar:/home/prince03102020/.m2/repository/org/springframework/boot/spring-boot-autoconfigure/3.2.5/spring-boot-autoconfigure-3.2.5.jar:/home/prince03102020/.m2/repository/jakarta/annotation/jakarta.annotation-api/2.1.1/jakarta.annotation-api-2.1.1.jar:/home/prince03102020/.m2/repository/org/yaml/snakeyaml/2.2/snakeyaml-2.2.jar:/home/prince03102020/.m2/repository/org/springframework/boot/spring-boot-starter-log4j2/3.2.5/spring-boot-starter-log4j2-3.2.5.jar:/home/prince03102020/.m2/repository/org/apache/logging/log4j/log4j-slf4j2-impl/2.21.1/log4j-slf4j2-impl-2.21.1.jar:/home/prince03102020/.m2/repository/org/apache/logging/log4j/log4j-api/2.21.1/log4j-api-2.21.1.jar:/home/prince03102020/.m2/repository/org/apache/logging/log4j/log4j-core/2.21.1/log4j-core-2.21.1.jar:/home/prince03102020/.m2/repository/org/apache/logging/log4j/log4j-jul/2.21.1/log4j-jul-2.21.1.jar:/home/prince03102020/.m2/repository/org/projectlombok/lombok/1.18.22/lombok-1.18.22.jar:/home/prince03102020/.m2/repository/jakarta/persistence/jakarta.persistence-api/3.2.0-M2/jakarta.persistence-api-3.2.0-M2.jar:/home/prince03102020/.m2/repository/org/springdoc/springdoc-openapi-starter-webmvc-ui/2.3.0/springdoc-openapi-starter-webmvc-ui-2.3.0.jar:/home/prince03102020/.m2/repository/org/springdoc/springdoc-openapi-starter-webmvc-api/2.3.0/springdoc-openapi-starter-webmvc-api-2.3.0.jar:/home/prince03102020/.m2/repository/org/springdoc/springdoc-openapi-starter-common/2.3.0/springdoc-openapi-starter-common-2.3.0.jar:/home/prince03102020/.m2/repository/io/swagger/core/v3/swagger-core-jakarta/2.2.19/swagger-core-jakarta-2.2.19.jar:/home/prince03102020/.m2/repository/org/apache/commons/commons-lang3/3.13.0/commons-lang3-3.13.0.jar:/home/prince03102020/.m2/repository/io/swagger/core/v3/swagger-annotations-jakarta/2.2.19/swagger-annotations-jakarta-2.2.19.jar:/home/prince03102020/.m2/repository/io/swagger/core/v3/swagger-models-jakarta/2.2.19/swagger-models-jakarta-2.2.19.jar:/home/prince03102020/.m2/repository/jakarta/validation/jakarta.validation-api/3.0.2/jakarta.validation-api-3.0.2.jar:/home/prince03102020/.m2/repository/com/fasterxml/jackson/dataformat/jackson-dataformat-yaml/2.15.4/jackson-dataformat-yaml-2.15.4.jar:/home/prince03102020/.m2/repository/org/webjars/swagger-ui/5.10.3/swagger-ui-5.10.3.jar:/home/prince03102020/.m2/repository/javax/servlet/javax.servlet-api/4.0.1/javax.servlet-api-4.0.1.jar:/home/prince03102020/.m2/repository/org/springframework/boot/spring-boot-starter-security/3.2.5/spring-boot-starter-security-3.2.5.jar:/home/prince03102020/.m2/repository/org/springframework/spring-aop/6.1.6/spring-aop-6.1.6.jar:/home/prince03102020/.m2/repository/org/springframework/security/spring-security-config/6.2.4/spring-security-config-6.2.4.jar:/home/prince03102020/.m2/repository/org/springframework/security/spring-security-core/6.2.4/spring-security-core-6.2.4.jar:/home/prince03102020/.m2/repository/org/springframework/security/spring-security-crypto/6.2.4/spring-security-crypto-6.2.4.jar:/home/prince03102020/.m2/repository/org/springframework/security/spring-security-web/6.2.4/spring-security-web-6.2.4.jar:/home/prince03102020/.m2/repository/redis/clients/jedis/5.1.2/jedis-5.1.2.jar:/home/prince03102020/.m2/repository/org/slf4j/slf4j-api/2.0.13/slf4j-api-2.0.13.jar:/home/prince03102020/.m2/repository/org/apache/commons/commons-pool2/2.12.0/commons-pool2-2.12.0.jar:/home/prince03102020/.m2/repository/org/json/json/20231013/json-20231013.jar:/home/prince03102020/.m2/repository/com/google/code/gson/gson/2.10.1/gson-2.10.1.jar:/home/prince03102020/.m2/repository/io/jsonwebtoken/jjwt-api/0.11.5/jjwt-api-0.11.5.jar:/home/prince03102020/.m2/repository/io/jsonwebtoken/jjwt-impl/0.11.5/jjwt-impl-0.11.5.jar:/home/prince03102020/.m2/repository/io/jsonwebtoken/jjwt-jackson/0.11.5/jjwt-jackson-0.11.5.jar:/home/prince03102020/.m2/repository/com/fasterxml/jackson/core/jackson-databind/2.15.4/jackson-databind-2.15.4.jar:/home/prince03102020/.m2/repository/com/fasterxml/jackson/core/jackson-annotations/2.15.4/jackson-annotations-2.15.4.jar:/home/prince03102020/.m2/repository/com/fasterxml/jackson/core/jackson-core/2.15.4/jackson-core-2.15.4.jar:"/>
    <property name="sun.cpu.endian" value="little"/>
    <property name="user.home" value="/home/prince03102020"/>
    <property name="user.language" value="en"/>
    <property name="java.specification.vendor" value="Oracle Corporation"/>
    <property name="java.version.date" value="2024-01-16"/>
    <property name="java.home" value="/usr/lib/jvm/java-17-openjdk-amd64"/>
    <property name="file.separator" value="/"/>
    <property name="basedir" value="/home/prince03102020/projects/26042024/UserMngService"/>
    <property name="java.vm.compressedOopsMode" value="32-bit"/>
    <property name="line.separator" value="&#10;"/>
    <property name="java.specification.name" value="Java Platform API Specification"/>
    <property name="java.vm.specification.vendor" value="Oracle Corporation"/>
    <property name="FILE_LOG_CHARSET" value="UTF-8"/>
    <property name="java.awt.headless" value="true"/>
    <property name="surefire.real.class.path" value="/home/prince03102020/projects/26042024/UserMngService/target/surefire/surefirebooter-20240428131039485_3.jar"/>
    <property name="sun.management.compiler" value="HotSpot 64-Bit Tiered Compilers"/>
    <property name="java.runtime.version" value="17.0.10+7-Debian-1"/>
    <property name="user.name" value="prince03102020"/>
    <property name="path.separator" value=":"/>
    <property name="os.version" value="5.15.146.1-microsoft-standard-WSL2"/>
    <property name="java.runtime.name" value="OpenJDK Runtime Environment"/>
    <property name="file.encoding" value="UTF-8"/>
    <property name="java.vm.name" value="OpenJDK 64-Bit Server VM"/>
    <property name="localRepository" value="/home/prince03102020/.m2/repository"/>
    <property name="java.vendor.url.bug" value="https://bugs.debian.org/openjdk-17"/>
    <property name="java.io.tmpdir" value="/tmp"/>
    <property name="java.version" value="17.0.10"/>
    <property name="user.dir" value="/home/prince03102020/projects/26042024/UserMngService"/>
    <property name="os.arch" value="amd64"/>
    <property name="java.vm.specification.name" value="Java Virtual Machine Specification"/>
    <property name="PID" value="8126"/>
    <property name="CONSOLE_LOG_CHARSET" value="UTF-8"/>
    <property name="native.encoding" value="UTF-8"/>
    <property name="java.library.path" value="/usr/java/packages/lib:/usr/lib/x86_64-linux-gnu/jni:/lib/x86_64-linux-gnu:/usr/lib/x86_64-linux-gnu:/usr/lib/jni:/lib:/usr/lib"/>
    <property name="java.vm.info" value="mixed mode, sharing"/>
    <property name="java.vendor" value="Debian"/>
    <property name="java.vm.version" value="17.0.10+7-Debian-1"/>
    <property name="sun.io.unicode.encoding" value="UnicodeLittle"/>
    <property name="java.class.version" value="61.0"/>
    <property name="LOGGED_APPLICATION_NAME" value="[UserMngService] "/>
  </properties>
  <testcase name="contextLoads" classname="com.apica.UserMngService.UserMngServiceApplicationTests" time="0.005">
    <system-out><![CDATA[
  .   ____          _            __ _ _
 /\\ / ___'_ __ _ _(_)_ __  __ _ \ \ \ \
( ( )\___ | '_ | '_| | '_ \/ _` | \ \ \ \
 \\/  ___)| |_)| | | | | || (_| |  ) ) ) )
  '  |____| .__|_| |_|_| |_\__, | / / / /
 =========|_|==============|___/=/_/_/_/
 :: Spring Boot ::                (v3.2.5)

]]></system-out>
  </testcase>
</testsuite>